<?xml version="1.0" encoding="UTF-8"?>
<testng-results skipped="0" failed="0" ignored="0" total="1" passed="1">
  <reporter-output>
  </reporter-output>
  <suite name="Default suite" duration-ms="13720" started-at="2020-06-23T13:15:56 UTC" finished-at="2020-06-23T13:16:10 UTC">
    <groups>
    </groups>
    <test name="Default test" duration-ms="13720" started-at="2020-06-23T13:15:56 UTC" finished-at="2020-06-23T13:16:10 UTC">
      <class name="Assignment.ReadOrderDetails_Module39_2Exercise">
        <test-method status="PASS" signature="beforeTest()[pri:0, instance:Assignment.ReadOrderDetails_Module39_2Exercise@63e2203c]" name="beforeTest" is-config="true" duration-ms="3070" started-at="2020-06-23T13:15:56 UTC" finished-at="2020-06-23T13:15:59 UTC">
          <reporter-output>
          </reporter-output>
        </test-method> <!-- beforeTest -->
        <test-method status="PASS" signature="f()[pri:0, instance:Assignment.ReadOrderDetails_Module39_2Exercise@63e2203c]" name="f" duration-ms="8412" started-at="2020-06-23T13:15:59 UTC" finished-at="2020-06-23T13:16:08 UTC">
          <reporter-output>
          </reporter-output>
        </test-method> <!-- f -->
        <test-method status="PASS" signature="afterTest()[pri:0, instance:Assignment.ReadOrderDetails_Module39_2Exercise@63e2203c]" name="afterTest" is-config="true" duration-ms="2207" started-at="2020-06-23T13:16:08 UTC" finished-at="2020-06-23T13:16:10 UTC">
          <reporter-output>
          </reporter-output>
        </test-method> <!-- afterTest -->
      </class> <!-- Assignment.ReadOrderDetails_Module39_2Exercise -->
    </test> <!-- Default test -->
  </suite> <!-- Default suite -->
</testng-results>
